e:\dayi\demo\ali\c\aliyun-oss-c-sdk-3.5.0\oss_c_sdk\release\oss_c_sdk.pdb
e:\dayi\demo\ali\c\aliyun-oss-c-sdk-3.5.0\oss_c_sdk\release\oss_xml.obj
e:\dayi\demo\ali\c\aliyun-oss-c-sdk-3.5.0\oss_c_sdk\release\oss_util.obj
e:\dayi\demo\ali\c\aliyun-oss-c-sdk-3.5.0\oss_c_sdk\release\oss_resumable.obj
e:\dayi\demo\ali\c\aliyun-oss-c-sdk-3.5.0\oss_c_sdk\release\oss_object.obj
e:\dayi\demo\ali\c\aliyun-oss-c-sdk-3.5.0\oss_c_sdk\release\oss_multipart.obj
e:\dayi\demo\ali\c\aliyun-oss-c-sdk-3.5.0\oss_c_sdk\release\oss_live.obj
e:\dayi\demo\ali\c\aliyun-oss-c-sdk-3.5.0\oss_c_sdk\release\oss_define.obj
e:\dayi\demo\ali\c\aliyun-oss-c-sdk-3.5.0\oss_c_sdk\release\oss_bucket.obj
e:\dayi\demo\ali\c\aliyun-oss-c-sdk-3.5.0\oss_c_sdk\release\oss_auth.obj
e:\dayi\demo\ali\c\aliyun-oss-c-sdk-3.5.0\oss_c_sdk\release\aos_util.obj
e:\dayi\demo\ali\c\aliyun-oss-c-sdk-3.5.0\oss_c_sdk\release\aos_transport.obj
e:\dayi\demo\ali\c\aliyun-oss-c-sdk-3.5.0\oss_c_sdk\release\aos_string.obj
e:\dayi\demo\ali\c\aliyun-oss-c-sdk-3.5.0\oss_c_sdk\release\aos_status.obj
e:\dayi\demo\ali\c\aliyun-oss-c-sdk-3.5.0\oss_c_sdk\release\aos_log.obj
e:\dayi\demo\ali\c\aliyun-oss-c-sdk-3.5.0\oss_c_sdk\release\aos_http_io.obj
e:\dayi\demo\ali\c\aliyun-oss-c-sdk-3.5.0\oss_c_sdk\release\aos_fstack.obj
e:\dayi\demo\ali\c\aliyun-oss-c-sdk-3.5.0\oss_c_sdk\release\aos_crc64.obj
e:\dayi\demo\ali\c\aliyun-oss-c-sdk-3.5.0\oss_c_sdk\release\aos_buf.obj
e:\dayi\demo\ali\c\aliyun-oss-c-sdk-3.5.0\release\oss_c_sdk.lib
e:\dayi\demo\ali\c\aliyun-oss-c-sdk-3.5.0\oss_c_sdk\release\oss_c_sdk.tlog\cl.command.1.tlog
e:\dayi\demo\ali\c\aliyun-oss-c-sdk-3.5.0\oss_c_sdk\release\oss_c_sdk.tlog\cl.read.1.tlog
e:\dayi\demo\ali\c\aliyun-oss-c-sdk-3.5.0\oss_c_sdk\release\oss_c_sdk.tlog\cl.write.1.tlog
e:\dayi\demo\ali\c\aliyun-oss-c-sdk-3.5.0\oss_c_sdk\release\oss_c_sdk.tlog\lib-link.read.1.tlog
e:\dayi\demo\ali\c\aliyun-oss-c-sdk-3.5.0\oss_c_sdk\release\oss_c_sdk.tlog\lib-link.write.1.tlog
e:\dayi\demo\ali\c\aliyun-oss-c-sdk-3.5.0\oss_c_sdk\release\oss_c_sdk.tlog\lib.command.1.tlog
